<?xml version="1.0" encoding="UTF-8"?>
<!-- Generated by org.testng.reporters.JUnitReportReporter -->
<testsuite hostname="LAPTOP-9678VDR6" failures="0" tests="7" name="negativeMethod.EndToEnd" time="501.888" errors="0" timestamp="2023-12-25T12:51:14 IST" skipped="0">
  <testcase classname="negativeMethod.EndToEnd" name="emptyField" time="90.142"/>
  <testcase classname="negativeMethod.EndToEnd" name="invalidData" time="80.623"/>
  <testcase classname="negativeMethod.EndToEnd" name="alerts" time="45.636"/>
  <testcase classname="negativeMethod.EndToEnd" name="emptyLogIn" time="78.533"/>
  <testcase classname="negativeMethod.EndToEnd" name="invalidUser" time="72.029"/>
  <testcase classname="negativeMethod.EndToEnd" name="invalidPass" time="67.589"/>
  <testcase classname="negativeMethod.EndToEnd" name="Payment" time="67.336"/>
</testsuite> <!-- negativeMethod.EndToEnd -->
